<?xml version="1.0" encoding="UTF-8"?>
<!-- Generated by org.testng.reporters.JUnitReportReporter -->
<testsuite skipped="0" hostname="aagarg-WX-4" name="agodaTest.agoda.ChangePasswordTest" tests="21" failures="0" timestamp="22 Jul 2019 06:30:34 GMT" time="0.027" errors="0">
  <testcase name="TestChangePassword" time="0.001" classname="agodaTest.agoda.ChangePasswordTest"/>
  <testcase name="TestChangePassword" time="0.001" classname="agodaTest.agoda.ChangePasswordTest"/>
  <testcase name="TestChangePassword" time="0.000" classname="agodaTest.agoda.ChangePasswordTest"/>
  <testcase name="TestChangePassword" time="0.000" classname="agodaTest.agoda.ChangePasswordTest"/>
  <testcase name="TestChangePassword" time="0.001" classname="agodaTest.agoda.ChangePasswordTest"/>
  <testcase name="TestChangePassword" time="0.001" classname="agodaTest.agoda.ChangePasswordTest"/>
  <testcase name="TestChangePassword" time="0.001" classname="agodaTest.agoda.ChangePasswordTest"/>
  <testcase name="TestChangePassword" time="0.001" classname="agodaTest.agoda.ChangePasswordTest"/>
  <testcase name="TestChangePassword" time="0.000" classname="agodaTest.agoda.ChangePasswordTest"/>
  <testcase name="TestChangePassword" time="0.001" classname="agodaTest.agoda.ChangePasswordTest"/>
  <testcase name="TestChangePassword" time="0.001" classname="agodaTest.agoda.ChangePasswordTest"/>
  <testcase name="TestChangePassword" time="0.001" classname="agodaTest.agoda.ChangePasswordTest"/>
  <testcase name="TestChangePassword" time="0.000" classname="agodaTest.agoda.ChangePasswordTest"/>
  <testcase name="TestChangePassword" time="0.001" classname="agodaTest.agoda.ChangePasswordTest"/>
  <testcase name="TestChangePassword" time="0.001" classname="agodaTest.agoda.ChangePasswordTest"/>
  <testcase name="TestChangePassword" time="0.002" classname="agodaTest.agoda.ChangePasswordTest"/>
  <testcase name="TestChangePassword" time="0.001" classname="agodaTest.agoda.ChangePasswordTest"/>
  <testcase name="TestChangePassword" time="0.010" classname="agodaTest.agoda.ChangePasswordTest"/>
  <testcase name="TestChangePassword" time="0.001" classname="agodaTest.agoda.ChangePasswordTest"/>
  <testcase name="TestChangePassword" time="0.001" classname="agodaTest.agoda.ChangePasswordTest"/>
  <testcase name="TestChangePassword" time="0.001" classname="agodaTest.agoda.ChangePasswordTest"/>
</testsuite> <!-- agodaTest.agoda.ChangePasswordTest -->
